#
# A fatal error has been detected by the Java Runtime Environment:
#
#  Internal Error (javaClasses.cpp:124), pid=744, tid=7340
#  fatal error: Invalid layout of preloaded class
#
# JRE version:  (8.0_05-b13) (build )
# Java VM: Java HotSpot(TM) 64-Bit Server VM (25.5-b02 mixed mode windows-amd64 compressed oops)
# Failed to write core dump. Minidumps are not enabled by default on client versions of Windows
#
# If you would like to submit a bug report, please visit:
#   http://bugreport.sun.com/bugreport/crash.jsp
#

---------------  T H R E A D  ---------------

Current thread (0x00000000025a0800):  JavaThread "Unknown thread" [_thread_in_vm, id=7340, stack(0x0000000002480000,0x0000000002580000)]

Stack: [0x0000000002480000,0x0000000002580000]
Native frames: (J=compiled Java code, j=interpreted, Vv=VM code, C=native code)
V  [jvm.dll+0x308dea]
V  [jvm.dll+0x25def1]
V  [jvm.dll+0x25eb0f]
V  [jvm.dll+0x256466]
V  [jvm.dll+0x5d33c]
V  [jvm.dll+0x5d433]
V  [jvm.dll+0x71d2a]
V  [jvm.dll+0x72088]
V  [jvm.dll+0xe1607]
V  [jvm.dll+0xe1996]
V  [jvm.dll+0x1f13e7]
V  [jvm.dll+0x2227c4]
V  [jvm.dll+0x149f71]
C  [javaw.exe+0x208a]
C  [javaw.exe+0xc9db]
C  [javaw.exe+0xca6f]
C  [KERNEL32.DLL+0x18102]
C  [ntdll.dll+0x5c5b4]


---------------  P R O C E S S  ---------------

Java Threads: ( => current thread )

Other Threads:

=>0x00000000025a0800 (exited) JavaThread "Unknown thread" [_thread_in_vm, id=7340, stack(0x0000000002480000,0x0000000002580000)]

VM state:not at safepoint (not fully initialized)

VM Mutex/Monitor currently owned by a thread: None

GC Heap History (0 events):
No events

Deoptimization events (0 events):
No events

Internal exceptions (0 events):
No events

Events (10 events):
Event: 0.009 loading class java/lang/CharSequence done
Event: 0.009 loading class java/lang/String done
Event: 0.009 loading class java/lang/Class
Event: 0.009 loading class java/lang/reflect/AnnotatedElement
Event: 0.009 loading class java/lang/reflect/AnnotatedElement done
Event: 0.009 loading class java/lang/reflect/GenericDeclaration
Event: 0.009 loading class java/lang/reflect/GenericDeclaration done
Event: 0.009 loading class java/lang/reflect/Type
Event: 0.009 loading class java/lang/reflect/Type done
Event: 0.009 loading class java/lang/Class done


Dynamic libraries:
0x00007ff7f3b00000 - 0x00007ff7f3b34000 	E:\Java\jre8\bin\javaw.exe
0x00007ffd46d90000 - 0x00007ffd46f51000 	C:\WINDOWS\SYSTEM32\ntdll.dll
0x00007ffd46230000 - 0x00007ffd462dd000 	C:\WINDOWS\system32\KERNEL32.DLL
0x00007ffd435b0000 - 0x00007ffd43798000 	C:\WINDOWS\system32\KERNELBASE.dll
0x00007ffd46b70000 - 0x00007ffd46c17000 	C:\WINDOWS\system32\ADVAPI32.dll
0x00007ffd46cf0000 - 0x00007ffd46d8d000 	C:\WINDOWS\system32\msvcrt.dll
0x00007ffd46060000 - 0x00007ffd460bb000 	C:\WINDOWS\system32\sechost.dll
0x00007ffd465d0000 - 0x00007ffd466ec000 	C:\WINDOWS\system32\RPCRT4.dll
0x00007ffd460c0000 - 0x00007ffd46216000 	C:\WINDOWS\system32\USER32.dll
0x00007ffd45ed0000 - 0x00007ffd46056000 	C:\WINDOWS\system32\GDI32.dll
0x00007ffd3d570000 - 0x00007ffd3d7e4000 	C:\WINDOWS\WinSxS\amd64_microsoft.windows.common-controls_6595b64144ccf1df_6.0.10586.0_none_8c15ae12515e1c22\COMCTL32.dll
0x00007ffd468f0000 - 0x00007ffd46b6d000 	C:\WINDOWS\system32\combase.dll
0x00007ffd43ad0000 - 0x00007ffd43b3a000 	C:\WINDOWS\system32\bcryptPrimitives.dll
0x00007ffd46750000 - 0x00007ffd4678b000 	C:\WINDOWS\system32\IMM32.DLL
0x00000000599a0000 - 0x0000000059a72000 	E:\Java\jre8\bin\msvcr100.dll
0x0000000059170000 - 0x000000005999a000 	E:\Java\jre8\bin\server\jvm.dll
0x00007ffd46440000 - 0x00007ffd46448000 	C:\WINDOWS\system32\PSAPI.DLL
0x00007ffd41a50000 - 0x00007ffd41a73000 	C:\WINDOWS\SYSTEM32\WINMM.dll
0x00007ffd330d0000 - 0x00007ffd330d9000 	C:\WINDOWS\SYSTEM32\WSOCK32.dll
0x00007ffd46450000 - 0x00007ffd464bb000 	C:\WINDOWS\system32\WS2_32.dll
0x0000000002450000 - 0x000000000247c000 	C:\WINDOWS\SYSTEM32\WINMMBASE.dll
0x00007ffd43560000 - 0x00007ffd435a3000 	C:\WINDOWS\system32\cfgmgr32.dll
0x0000000059160000 - 0x000000005916f000 	E:\Java\jre8\bin\verify.dll
0x0000000059130000 - 0x0000000059158000 	E:\Java\jre8\bin\java.dll
0x0000000059110000 - 0x0000000059126000 	E:\Java\jre8\bin\zip.dll
0x00007ffd18f60000 - 0x00007ffd190ec000 	C:\WINDOWS\SYSTEM32\dbghelp.dll

VM Arguments:
jvm_args: -Dfile.encoding=GBK -Xbootclasspath:E:\adt-bundle-windows-x86_64-20140321\adt-bundle-windows-x86_64-20140321\sdk\platforms\android-19\android.jar 
java_command: org.eclipse.jdt.internal.junit.runner.RemoteTestRunner -version 3 -port 6401 -testLoaderClass org.eclipse.jdt.internal.junit4.runner.JUnit4TestLoader -loaderpluginname org.eclipse.jdt.junit4.runtime -classNames com.test.DiaryDaoTest
java_class_path (initial): E:\android-workspace\Diary\bin\classes;E:\android-workspace\Diary\libs\junit-4.9b2.jar;E:\android-workspace\Diary\libs\android-support-v4.jar;/E:/adt-bundle-windows-x86_64-20140321/adt-bundle-windows-x86_64-20140321/eclipse/configuration/org.eclipse.osgi/bundles/204/1/.cp/;/E:/adt-bundle-windows-x86_64-20140321/adt-bundle-windows-x86_64-20140321/eclipse/configuration/org.eclipse.osgi/bundles/203/1/.cp/
Launcher Type: SUN_STANDARD

Environment Variables:
JAVA_HOME=E:\Java\jdk1.8.0_05
PATH=C:\WINDOWS\system32;C:\WINDOWS;C:\WINDOWS\system32\WBEM;G:\MySQL\MySQL Server 5.6\bin;E:\Java\jdk1.8.0_05\bin;
USERNAME=henry
OS=Windows_NT
PROCESSOR_IDENTIFIER=Intel64 Family 6 Model 69 Stepping 1, GenuineIntel



---------------  S Y S T E M  ---------------

OS: Windows 8.1 , 64 bit Build 9600 

CPU:total 4 (2 cores per cpu, 2 threads per core) family 6 model 69 stepping 1, cmov, cx8, fxsr, mmx, sse, sse2, sse3, ssse3, sse4.1, sse4.2, popcnt, avx, avx2, aes, clmul, erms, ht, tsc, tscinvbit

Memory: 4k page, physical 8293700k(4653704k free), swap 13512004k(6790380k free)

vm_info: Java HotSpot(TM) 64-Bit Server VM (25.5-b02) for windows-amd64 JRE (1.8.0_05-b13), built on Mar 18 2014 01:08:39 by "java_re" with MS VC++ 10.0 (VS2010)

time: Wed Jun 01 11:44:21 2016
elapsed time: 0 seconds

